<?xml version="1.0" encoding="UTF-8"?>
<Site BuildName="Linux-g++"
	BuildStamp="20231114-1621-Experimental"
	Name="argentumlunae"
	Generator="ctest-3.28.0-rc4"
	CompilerName="/usr/bin/g++"
	CompilerVersion="11.4.0"
	OSName="Linux"
	Hostname="argentumlunae"
	OSRelease="6.2.0-36-generic"
	OSVersion="#37~22.04.1-Ubuntu SMP PREEMPT_DYNAMIC Mon Oct  9 15:34:04 UTC 2"
	OSPlatform="x86_64"
	Is64Bits="1"
	VendorString="GenuineIntel"
	VendorID="Intel Corporation"
	FamilyID="6"
	ModelID="60"
	ProcessorCacheSize="6144"
	NumberOfLogicalCPU="8"
	NumberOfPhysicalCPU="4"
	TotalVirtualMemory="4325"
	TotalPhysicalMemory="3502"
	LogicalProcessorsPerPhysical="2"
	ProcessorClockFrequency="3209.31"
	>
	<Testing>
		<StartDateTime>Nov 14 17:23 CET</StartDateTime>
		<StartTestTime>1699979017</StartTestTime>
		<TestList/>
		<EndDateTime>Nov 14 17:23 CET</EndDateTime>
		<EndTestTime>1699979017</EndTestTime>
		<ElapsedMinutes>0</ElapsedMinutes>
	</Testing>
</Site>
