<?xml version="1.0" encoding="UTF-8"?>
<Site BuildName="Linux-g++"
	BuildStamp="20231220-1528-Experimental"
	Name="argentumlunae"
	Generator="ctest-3.28.1"
	CompilerName="/usr/bin/g++"
	CompilerVersion="11.4.0"
	OSName="Linux"
	Hostname="argentumlunae"
	OSRelease="6.2.0-39-generic"
	OSVersion="#40~22.04.1-Ubuntu SMP PREEMPT_DYNAMIC Thu Nov 16 10:53:04 UTC 2"
	OSPlatform="x86_64"
	Is64Bits="1"
	VendorString="GenuineIntel"
	VendorID="Intel Corporation"
	FamilyID="6"
	ModelID="60"
	ProcessorCacheSize="6144"
	NumberOfLogicalCPU="8"
	NumberOfPhysicalCPU="4"
	TotalVirtualMemory="4325"
	TotalPhysicalMemory="3502"
	LogicalProcessorsPerPhysical="2"
	ProcessorClockFrequency="3193.76"
	>
	<Testing>
		<StartDateTime>Dec 20 16:28 CET</StartDateTime>
		<StartTestTime>1703086098</StartTestTime>
		<TestList/>
		<EndDateTime>Dec 20 16:28 CET</EndDateTime>
		<EndTestTime>1703086098</EndTestTime>
		<ElapsedMinutes>0</ElapsedMinutes>
	</Testing>
</Site>
