<?xml version="1.0" encoding="UTF-8"?>
<Site BuildName="Linux-g++"
	BuildStamp="20240109-1521-Experimental"
	Name="argentumlunae"
	Generator="ctest-3.28.1"
	CompilerName="/usr/bin/g++"
	CompilerVersion="11.4.0"
	OSName="Linux"
	Hostname="argentumlunae"
	OSRelease="6.2.0-39-generic"
	OSVersion="#40~22.04.1-Ubuntu SMP PREEMPT_DYNAMIC Thu Nov 16 10:53:04 UTC 2"
	OSPlatform="x86_64"
	Is64Bits="1"
	VendorString="GenuineIntel"
	VendorID="Intel Corporation"
	FamilyID="6"
	ModelID="60"
	ProcessorCacheSize="6144"
	NumberOfLogicalCPU="8"
	NumberOfPhysicalCPU="4"
	TotalVirtualMemory="4325"
	TotalPhysicalMemory="3502"
	LogicalProcessorsPerPhysical="2"
	ProcessorClockFrequency="3140.23"
	>
	<Testing>
		<StartDateTime>Jan 09 16:21 CET</StartDateTime>
		<StartTestTime>1704813711</StartTestTime>
		<TestList/>
		<EndDateTime>Jan 09 16:21 CET</EndDateTime>
		<EndTestTime>1704813711</EndTestTime>
		<ElapsedMinutes>0</ElapsedMinutes>
	</Testing>
</Site>
