<?xml version="1.0" encoding="UTF-8"?>
<Site BuildName="Linux-g++"
	BuildStamp="20231208-1120-Experimental"
	Name="argentumlunae"
	Generator="ctest-3.28.0-rc5"
	CompilerName="/usr/bin/g++"
	CompilerVersion="11.4.0"
	OSName="Linux"
	Hostname="argentumlunae"
	OSRelease="6.2.0-37-generic"
	OSVersion="#38~22.04.1-Ubuntu SMP PREEMPT_DYNAMIC Thu Nov  2 18:01:13 UTC 2"
	OSPlatform="x86_64"
	Is64Bits="1"
	VendorString="GenuineIntel"
	VendorID="Intel Corporation"
	FamilyID="6"
	ModelID="60"
	ProcessorCacheSize="6144"
	NumberOfLogicalCPU="8"
	NumberOfPhysicalCPU="4"
	TotalVirtualMemory="4325"
	TotalPhysicalMemory="3502"
	LogicalProcessorsPerPhysical="2"
	ProcessorClockFrequency="3072.02"
	>
	<Testing>
		<StartDateTime>Dec 08 13:12 CET</StartDateTime>
		<StartTestTime>1702037537</StartTestTime>
		<TestList/>
		<EndDateTime>Dec 08 13:12 CET</EndDateTime>
		<EndTestTime>1702037537</EndTestTime>
		<ElapsedMinutes>0</ElapsedMinutes>
	</Testing>
</Site>
